<?xml version="1.0" encoding="UTF-8"?>
<!-- Generated by org.testng.reporters.JUnitReportReporter -->
<testsuite hostname="LAPTOP-DT4QU3AG" failures="0" tests="1" name="tyss.com.Prm1Test" time="0.010" errors="0" timestamp="2023-04-22T18:12:41 IST" skipped="0">
  <testcase classname="tyss.com.Prm1Test" name="main1" time="0.010"/>
  <system-out/>
</testsuite> <!-- tyss.com.Prm1Test -->
