<?xml version="1.0" encoding="UTF-8"?>
<!-- Generated by org.testng.reporters.JUnitReportReporter -->
<testsuite hostname="LAPTOP-DT4QU3AG" failures="0" tests="1" name="tyss.com.WebsiteURLTest" time="7.709" errors="0" timestamp="2023-04-22T18:32:48 IST" skipped="0">
  <testcase classname="tyss.com.WebsiteURLTest" name="m1" time="7.709"/>
  <system-out/>
</testsuite> <!-- tyss.com.WebsiteURLTest -->
